<?xml version="1.0" encoding="UTF-8"?>
<!-- Generated by org.testng.reporters.JUnitXMLReporter -->
<testsuite ignored="2" hostname="DESKTOP-K44DL4K" failures="2" tests="4" name="EdgeTest" time="103.253" errors="0" timestamp="2024-07-11T20:02:56 IST">
  <testcase classname="testClasses.VerifyUserCanLogin" name="verifyUserCanLoginn" time="51.138">
    <failure type="java.lang.AssertionError" message="expected [false] but found [true]">
      <![CDATA[java.lang.AssertionError: expected [false] but found [true]
at testClasses.VerifyUserCanLogin.verifyUserCanLoginn(VerifyUserCanLogin.java:67)
at java.base/java.util.ArrayList.forEach(ArrayList.java:1511)
at java.base/java.util.concurrent.FutureTask.run(FutureTask.java:264)
at java.base/java.util.concurrent.ThreadPoolExecutor.runWorker(ThreadPoolExecutor.java:1136)
at java.base/java.util.concurrent.ThreadPoolExecutor$Worker.run(ThreadPoolExecutor.java:635)
at java.base/java.lang.Thread.run(Thread.java:833)
... Removed 19 stack frames]]>
    </failure>
  </testcase> <!-- verifyUserCanLoginn -->
  <testcase classname="testClasses.VerifyUserCanAddNewAddress" name="VerifyUserCanGotoProfilePage" time="2.179"/>
  <testcase classname="testClasses.VerifyUserCanAddNewAddress" name="verifyUserCanGotoAddressPage" time="3.837"/>
  <testcase classname="testClasses.VerifyUserCanAddNewAddress" name="verfiyUserCanAddAddress" time="23.012">
    <failure type="java.lang.IndexOutOfBoundsException" message="Index 6 out of bounds for length 1">
      <![CDATA[java.lang.IndexOutOfBoundsException: Index 6 out of bounds for length 1
at java.base/jdk.internal.util.Preconditions.outOfBounds(Preconditions.java:100)
at java.base/jdk.internal.util.Preconditions.outOfBoundsCheckIndex(Preconditions.java:106)
at java.base/jdk.internal.util.Preconditions.checkIndex(Preconditions.java:302)
at java.base/java.util.Objects.checkIndex(Objects.java:359)
at java.base/java.util.ArrayList.get(ArrayList.java:427)
at org.openqa.selenium.support.pagefactory.internal.LocatingElementListHandler.invoke(LocatingElementListHandler.java:39)
at jdk.proxy2/jdk.proxy2.$Proxy20.get(Unknown Source)
at pomClasses.AddressPage.fillAddressMethod(AddressPage.java:101)
at testClasses.VerifyUserCanAddNewAddress.verfiyUserCanAddAddress(VerifyUserCanAddNewAddress.java:81)
at java.base/java.util.ArrayList.forEach(ArrayList.java:1511)
at java.base/java.util.concurrent.FutureTask.run(FutureTask.java:264)
at java.base/java.util.concurrent.ThreadPoolExecutor.runWorker(ThreadPoolExecutor.java:1136)
at java.base/java.util.concurrent.ThreadPoolExecutor$Worker.run(ThreadPoolExecutor.java:635)
at java.base/java.lang.Thread.run(Thread.java:833)
... Removed 17 stack frames]]>
    </failure>
  </testcase> <!-- verfiyUserCanAddAddress -->
  <testcase classname="baseClasses.BaseTest" name="@BeforeSuite setupExtentReports" time="0.0">
    <ignored/>
  </testcase> <!-- @BeforeSuite setupExtentReports -->
  <testcase classname="baseClasses.BaseTest" name="@AfterSuite teardownExtentReports" time="0.0">
    <ignored/>
  </testcase> <!-- @AfterSuite teardownExtentReports -->
</testsuite> <!-- EdgeTest -->
